Determining if the function sgemm_ exists failed with the following output:
Change Dir: /home/martin/dev/zed_gym/build/CMakeFiles/CMakeTmp

Run Build Command(s):/usr/bin/make cmTC_c71dc/fast && /usr/bin/make -f CMakeFiles/cmTC_c71dc.dir/build.make CMakeFiles/cmTC_c71dc.dir/build
make[1]: Entering directory '/home/martin/dev/zed_gym/build/CMakeFiles/CMakeTmp'
Building C object CMakeFiles/cmTC_c71dc.dir/CheckFunctionExists.c.o
/usr/bin/cc   -DCHECK_FUNCTION_EXISTS=sgemm_   -o CMakeFiles/cmTC_c71dc.dir/CheckFunctionExists.c.o   -c /opt/cmake-3.16.2-Linux-x86_64/share/cmake-3.16/Modules/CheckFunctionExists.c
Linking C executable cmTC_c71dc
/opt/cmake-3.16.2-Linux-x86_64/bin/cmake -E cmake_link_script CMakeFiles/cmTC_c71dc.dir/link.txt --verbose=1
/usr/bin/cc  -DCHECK_FUNCTION_EXISTS=sgemm_    CMakeFiles/cmTC_c71dc.dir/CheckFunctionExists.c.o  -o cmTC_c71dc 
CMakeFiles/cmTC_c71dc.dir/CheckFunctionExists.c.o: In function `main':
CheckFunctionExists.c:(.text+0x10): undefined reference to `sgemm_'
collect2: error: ld returned 1 exit status
CMakeFiles/cmTC_c71dc.dir/build.make:86: recipe for target 'cmTC_c71dc' failed
make[1]: *** [cmTC_c71dc] Error 1
make[1]: Leaving directory '/home/martin/dev/zed_gym/build/CMakeFiles/CMakeTmp'
Makefile:121: recipe for target 'cmTC_c71dc/fast' failed
make: *** [cmTC_c71dc/fast] Error 2



Performing C SOURCE FILE Test CMAKE_HAVE_LIBC_PTHREAD failed with the following output:
Change Dir: /home/martin/dev/zed_gym/build/CMakeFiles/CMakeTmp

Run Build Command(s):/usr/bin/make cmTC_5f387/fast && /usr/bin/make -f CMakeFiles/cmTC_5f387.dir/build.make CMakeFiles/cmTC_5f387.dir/build
make[1]: Entering directory '/home/martin/dev/zed_gym/build/CMakeFiles/CMakeTmp'
Building C object CMakeFiles/cmTC_5f387.dir/src.c.o
/usr/bin/cc   -DCMAKE_HAVE_LIBC_PTHREAD   -o CMakeFiles/cmTC_5f387.dir/src.c.o   -c /home/martin/dev/zed_gym/build/CMakeFiles/CMakeTmp/src.c
Linking C executable cmTC_5f387
/opt/cmake-3.16.2-Linux-x86_64/bin/cmake -E cmake_link_script CMakeFiles/cmTC_5f387.dir/link.txt --verbose=1
/usr/bin/cc  -DCMAKE_HAVE_LIBC_PTHREAD    CMakeFiles/cmTC_5f387.dir/src.c.o  -o cmTC_5f387 
CMakeFiles/cmTC_5f387.dir/src.c.o: In function `main':
src.c:(.text+0x3c): undefined reference to `pthread_create'
src.c:(.text+0x48): undefined reference to `pthread_detach'
src.c:(.text+0x59): undefined reference to `pthread_join'
src.c:(.text+0x6d): undefined reference to `pthread_atfork'
collect2: error: ld returned 1 exit status
CMakeFiles/cmTC_5f387.dir/build.make:86: recipe for target 'cmTC_5f387' failed
make[1]: *** [cmTC_5f387] Error 1
make[1]: Leaving directory '/home/martin/dev/zed_gym/build/CMakeFiles/CMakeTmp'
Makefile:121: recipe for target 'cmTC_5f387/fast' failed
make: *** [cmTC_5f387/fast] Error 2


Source file was:
#include <pthread.h>

void* test_func(void* data)
{
  return data;
}

int main(void)
{
  pthread_t thread;
  pthread_create(&thread, NULL, test_func, NULL);
  pthread_detach(thread);
  pthread_join(thread, NULL);
  pthread_atfork(NULL, NULL, NULL);
  pthread_exit(NULL);

  return 0;
}

Determining if the function pthread_create exists in the pthreads failed with the following output:
Change Dir: /home/martin/dev/zed_gym/build/CMakeFiles/CMakeTmp

Run Build Command(s):/usr/bin/make cmTC_86843/fast && /usr/bin/make -f CMakeFiles/cmTC_86843.dir/build.make CMakeFiles/cmTC_86843.dir/build
make[1]: Entering directory '/home/martin/dev/zed_gym/build/CMakeFiles/CMakeTmp'
Building C object CMakeFiles/cmTC_86843.dir/CheckFunctionExists.c.o
/usr/bin/cc   -DCHECK_FUNCTION_EXISTS=pthread_create   -o CMakeFiles/cmTC_86843.dir/CheckFunctionExists.c.o   -c /opt/cmake-3.16.2-Linux-x86_64/share/cmake-3.16/Modules/CheckFunctionExists.c
Linking C executable cmTC_86843
/opt/cmake-3.16.2-Linux-x86_64/bin/cmake -E cmake_link_script CMakeFiles/cmTC_86843.dir/link.txt --verbose=1
/usr/bin/cc  -DCHECK_FUNCTION_EXISTS=pthread_create    CMakeFiles/cmTC_86843.dir/CheckFunctionExists.c.o  -o cmTC_86843  -lpthreads 
/usr/bin/ld: cannot find -lpthreads
collect2: error: ld returned 1 exit status
CMakeFiles/cmTC_86843.dir/build.make:86: recipe for target 'cmTC_86843' failed
make[1]: *** [cmTC_86843] Error 1
make[1]: Leaving directory '/home/martin/dev/zed_gym/build/CMakeFiles/CMakeTmp'
Makefile:121: recipe for target 'cmTC_86843/fast' failed
make: *** [cmTC_86843/fast] Error 2



